-[ RECORD 1 ]-----------------
user_id     | 10
username    | orussell
total_likes | 7
-[ RECORD 2 ]-----------------
user_id     | 1
username    | cardenasjohn
total_likes | 5
-[ RECORD 3 ]-----------------
user_id     | 8
username    | laurenphillips
total_likes | 4
-[ RECORD 4 ]-----------------
user_id     | 5
username    | myersjames
total_likes | 4
-[ RECORD 5 ]-----------------
user_id     | 2
username    | jennasavage
total_likes | 4
-[ RECORD 6 ]-----------------
user_id     | 4
username    | natasharobinson
total_likes | 3
-[ RECORD 7 ]-----------------
user_id     | 9
username    | garciaandrea
total_likes | 3
-[ RECORD 8 ]-----------------
user_id     | 7
username    | brownshirley
total_likes | 3
-[ RECORD 9 ]-----------------
user_id     | 6
username    | donramos
total_likes | 3
-[ RECORD 10 ]----------------
user_id     | 3
username    | clinechristopher
total_likes | 2